c:\users\gyaz\source\repos\sfmlapp2\sfmlapp2\debug\sfmlapp2.pch
c:\users\gyaz\source\repos\sfmlapp2\sfmlapp2\debug\vc141.pdb
c:\users\gyaz\source\repos\sfmlapp2\sfmlapp2\debug\vc141.idb
c:\users\gyaz\source\repos\sfmlapp2\sfmlapp2\debug\stdafx.obj
c:\users\gyaz\source\repos\sfmlapp2\sfmlapp2\debug\vc140.pdb
c:\users\gyaz\source\repos\sfmlapp2\sfmlapp2\debug\vc140.idb
c:\users\gyaz\source\repos\sfmlapp2\sfmlapp2\debug\sfmlapp2.obj
c:\users\gyaz\source\repos\sfmlapp2\debug\sfmlapp2.pdb
c:\users\gyaz\source\repos\sfmlapp2\sfmlapp2\debug\sfmlapp2.tlog\cl.command.1.tlog
c:\users\gyaz\source\repos\sfmlapp2\sfmlapp2\debug\sfmlapp2.tlog\cl.read.1.tlog
c:\users\gyaz\source\repos\sfmlapp2\sfmlapp2\debug\sfmlapp2.tlog\cl.write.1.tlog
c:\users\gyaz\source\repos\sfmlapp2\sfmlapp2\debug\sfmlapp2.tlog\link-cvtres.read.1.tlog
c:\users\gyaz\source\repos\sfmlapp2\sfmlapp2\debug\sfmlapp2.tlog\link-cvtres.write.1.tlog
c:\users\gyaz\source\repos\sfmlapp2\sfmlapp2\debug\sfmlapp2.tlog\link-rc.read.1.tlog
c:\users\gyaz\source\repos\sfmlapp2\sfmlapp2\debug\sfmlapp2.tlog\link-rc.write.1.tlog
c:\users\gyaz\source\repos\sfmlapp2\sfmlapp2\debug\sfmlapp2.tlog\link.7100-cvtres.read.1.tlog
c:\users\gyaz\source\repos\sfmlapp2\sfmlapp2\debug\sfmlapp2.tlog\link.7100-cvtres.write.1.tlog
c:\users\gyaz\source\repos\sfmlapp2\sfmlapp2\debug\sfmlapp2.tlog\link.7100-rc.read.1.tlog
c:\users\gyaz\source\repos\sfmlapp2\sfmlapp2\debug\sfmlapp2.tlog\link.7100-rc.write.1.tlog
c:\users\gyaz\source\repos\sfmlapp2\sfmlapp2\debug\sfmlapp2.tlog\link.7100.read.1.tlog
c:\users\gyaz\source\repos\sfmlapp2\sfmlapp2\debug\sfmlapp2.tlog\link.7100.write.1.tlog
c:\users\gyaz\source\repos\sfmlapp2\sfmlapp2\debug\sfmlapp2.tlog\link.command.1.tlog
c:\users\gyaz\source\repos\sfmlapp2\sfmlapp2\debug\sfmlapp2.tlog\link.read.1.tlog
c:\users\gyaz\source\repos\sfmlapp2\sfmlapp2\debug\sfmlapp2.tlog\link.write.1.tlog
